Drill report for led-driver-board-4gang.kicad_pcb
Created on mån  5 feb 2024 17:12:17

Copper Layer Stackup:
    =============================================================
    L1 :  F.Cu                      front
    L2 :  B.Cu                      back


Drill file 'led-driver-board-4gang.drl' contains
    plated through holes:
    =============================================================
    T1  0,500mm  0,0197"  (32 holes)
    T2  0,950mm  0,0374"  (12 holes)
    T3  1,000mm  0,0394"  (10 holes)
    T4  1,200mm  0,0472"  (2 holes)
    T5  1,780mm  0,0701"  (4 holes)
    T6  3,200mm  0,1260"  (4 holes)

    Total plated holes count 64


Not plated through holes are merged with plated holes
    unplated through holes:
    =============================================================

    Total unplated holes count 0
